Many modules are hidden in this stack. Use "module --show_hidden spider SOFTWARE" if you are not able to find the required software
2024-12-02 11:51:25.793715: E external/xla/xla/stream_executor/cuda/cuda_platform.cc:52] failed call to cuInit: INTERNAL: CUDA error: Failed call to cuInit: CUDA_ERROR_NO_DEVICE: no CUDA-capable device is detected
Traceback (most recent call last):
  File "/cluster/home/forazi/.local/lib/python3.11/site-packages/jax/_src/xla_bridge.py", line 896, in backends
    backend = _init_backend(platform)
              ^^^^^^^^^^^^^^^^^^^^^^^
  File "/cluster/home/forazi/.local/lib/python3.11/site-packages/jax/_src/xla_bridge.py", line 982, in _init_backend
    backend = registration.factory()
              ^^^^^^^^^^^^^^^^^^^^^^
  File "/cluster/home/forazi/.local/lib/python3.11/site-packages/jax/_src/xla_bridge.py", line 674, in factory
    return xla_client.make_c_api_client(plugin_name, updated_options, None)
           ^^^^^^^^^^^^^^^^^^^^^^^^^^^^^^^^^^^^^^^^^^^^^^^^^^^^^^^^^^^^^^^^
  File "/cluster/home/forazi/.local/lib/python3.11/site-packages/jaxlib/xla_client.py", line 200, in make_c_api_client
    return _xla.get_c_api_client(plugin_name, options, distributed_client)
           ^^^^^^^^^^^^^^^^^^^^^^^^^^^^^^^^^^^^^^^^^^^^^^^^^^^^^^^^^^^^^^^
jaxlib.xla_extension.XlaRuntimeError: FAILED_PRECONDITION: No visible GPU devices.

During handling of the above exception, another exception occurred:

Traceback (most recent call last):
  File "/cluster/home/forazi/Dim_red_SWAP/Cluster/get_data.py", line 2, in <module>
    print(jax.devices())
          ^^^^^^^^^^^^^
  File "/cluster/home/forazi/.local/lib/python3.11/site-packages/jax/_src/xla_bridge.py", line 1094, in devices
    return get_backend(backend).devices()
           ^^^^^^^^^^^^^^^^^^^^
  File "/cluster/home/forazi/.local/lib/python3.11/site-packages/jax/_src/xla_bridge.py", line 1028, in get_backend
    return _get_backend_uncached(platform)
           ^^^^^^^^^^^^^^^^^^^^^^^^^^^^^^^
  File "/cluster/home/forazi/.local/lib/python3.11/site-packages/jax/_src/xla_bridge.py", line 1007, in _get_backend_uncached
    bs = backends()
         ^^^^^^^^^^
  File "/cluster/home/forazi/.local/lib/python3.11/site-packages/jax/_src/xla_bridge.py", line 912, in backends
    raise RuntimeError(err_msg)
RuntimeError: Unable to initialize backend 'cuda': FAILED_PRECONDITION: No visible GPU devices. (you may need to uninstall the failing plugin package, or set JAX_PLATFORMS=cpu to skip this backend.)
srun: error: eu-g9-048-4: task 0: Exited with exit code 1
